<component name="libraryTable">
  <library name="junit-4.10 (1)">
    <CLASSES>
      <root url="jar://$PROJECT_DIR$/../Program Files/Java/jUnit/junit-4.10 (1).jar!/" />
    </CLASSES>
    <JAVADOC />
    <SOURCES />
  </library>
</component>